2026-03-16 19:09:35,609 - INFO - ==================================================
2026-03-16 19:09:35,609 - INFO - 云行业HR洞察 - 自动更新HTML脚本
2026-03-16 19:09:35,610 - INFO - ==================================================
2026-03-16 19:09:35,610 - INFO - 📅 今天: 2026-03-16
2026-03-16 19:09:35,610 - INFO - 📅 本周: 2026-03-16 至 2026-03-22
2026-03-16 19:09:35,610 - INFO - 📖 正在读取 index.html...
2026-03-16 19:09:35,688 - INFO - 
🔍 提取今日观察新闻...
2026-03-16 19:09:35,711 - INFO - ✓ 共提取 6 条新闻
2026-03-16 19:09:35,711 - INFO - 
🔍 提取本周观察新闻...
2026-03-16 19:09:35,741 - INFO - ✓ 共提取 3 条新闻
2026-03-16 19:09:35,741 - INFO - 
⏰ 筛选今日新闻...
2026-03-16 19:09:35,741 - INFO - ✓ 筛选出 6 条今日新闻
2026-03-16 19:09:35,741 - INFO - 
⏰ 筛选本周新闻...
2026-03-16 19:09:35,742 - INFO - ✓ 筛选出 0 条本周新闻
2026-03-16 19:09:35,742 - INFO - 
📝 更新 HTML 中的新闻...
2026-03-16 19:09:35,761 - INFO - ✓ 今日观察: 已更新 6 条新闻
2026-03-16 19:09:35,762 - INFO - ✓ 本周观察: 无需更新（0 条新闻）
2026-03-16 19:09:35,762 - INFO - 
🕒 更新报告生成时间...
2026-03-16 19:09:35,763 - INFO - ✓ 更新报告时间: 本次报告生成时间: 2026-03-16 | 下次更新: 2026-03-23 24:00
2026-03-16 19:09:35,763 - INFO - ✓ 更新今日时间: 更新时间: 2026-03-16 19:09
2026-03-16 19:09:35,764 - INFO - 
💾 保存更新后的 index.html...
2026-03-16 19:09:35,792 - INFO - ✓ 已保存
2026-03-16 19:09:35,792 - INFO - 
💾 保存 JSON 数据...
2026-03-16 19:09:35,797 - INFO - ✓ 已保存 daily_news.json (6 条)
2026-03-16 19:09:35,800 - INFO - ✓ 已保存 weekly_news.json (0 条)
2026-03-16 19:09:35,801 - INFO - 
📊 统计信息:
2026-03-16 19:09:35,801 - INFO -   - 今日观察总数: 6 条
2026-03-16 19:09:35,802 - INFO -   - 今日新闻（今日）: 6 条
2026-03-16 19:09:35,802 - INFO -   - 本周观察总数: 3 条
2026-03-16 19:09:35,802 - INFO -   - 本周新闻（本周）: 0 条
2026-03-16 19:09:35,802 - INFO - 
📤 推送到 GitHub...
2026-03-16 19:09:44,081 - INFO - ✅ Git 推送成功
2026-03-16 19:09:44,082 - INFO - 
==================================================
2026-03-16 19:09:44,082 - INFO - ✅ 自动更新完成！
2026-03-16 19:09:44,082 - INFO - ==================================================
2026-03-16 19:10:27,327 - INFO - ==================================================
2026-03-16 19:10:27,327 - INFO - 云行业HR洞察 - 自动更新HTML脚本（改进版）
2026-03-16 19:10:27,328 - INFO - ==================================================
2026-03-16 19:10:27,328 - INFO - 📅 今天: 2026-03-16
2026-03-16 19:10:27,328 - INFO - 📅 本周: 2026-03-16 至 2026-03-22
2026-03-16 19:10:27,328 - INFO - 📖 正在读取 index.html...
2026-03-16 19:10:27,402 - INFO - 
🔍 提取今日观察新闻...
2026-03-16 19:10:27,417 - INFO - ✓ 共提取 6 条新闻
2026-03-16 19:10:27,418 - INFO - 
🔍 提取本周观察新闻...
2026-03-16 19:10:27,444 - INFO - ✓ 共提取 3 条新闻
2026-03-16 19:10:27,445 - INFO - 
⏰ 筛选今日新闻...
2026-03-16 19:10:27,445 - INFO - ✓ 筛选出 6 条今日新闻
2026-03-16 19:10:27,445 - INFO - 
⏰ 筛选本周新闻...
2026-03-16 19:10:27,445 - INFO - ✓ 筛选出 0 条本周新闻
2026-03-16 19:10:27,445 - INFO - 
📝 更新 HTML 中的新闻...
2026-03-16 19:10:27,448 - INFO -   ✓ 保留: 华为云CEO张平安转任董事长,周跃峰接任CEO (今日 09:30)
2026-03-16 19:10:27,449 - INFO -   ✓ 保留: 腾讯云发布AI算力销售专项招聘,目标200人 (今日 14:20)
2026-03-16 19:10:27,449 - INFO -   ✓ 保留: 科锐国际发布Q1薪酬报告,技术岗跳槽涨幅创新高 (今日 16:00)
2026-03-16 19:10:27,450 - INFO -   ✓ 保留: 阿里云华东华南重点招聘,新增岗位800+ (今日 11:30)
2026-03-16 19:10:27,450 - INFO -   ✓ 保留: 火山引擎校招7000+实习生,转正率超50% (今日 10:00)
2026-03-16 19:10:27,451 - INFO -   ✓ 保留: 华为云启动春季校招,目标34所高校 (今日 15:00)
2026-03-16 19:10:27,452 - INFO - ✓ daily: 删除 0 条旧新闻，保留 6 条新闻
2026-03-16 19:10:37,940 - INFO - ==================================================
2026-03-16 19:10:37,940 - INFO - 云行业HR洞察 - 自动更新HTML脚本（改进版）
2026-03-16 19:10:37,941 - INFO - ==================================================
2026-03-16 19:10:37,941 - INFO - 📅 今天: 2026-03-16
2026-03-16 19:10:37,941 - INFO - 📅 本周: 2026-03-16 至 2026-03-22
2026-03-16 19:10:37,941 - INFO - 📖 正在读取 index.html...
2026-03-16 19:10:37,991 - INFO - 
🔍 提取今日观察新闻...
2026-03-16 19:10:38,001 - INFO - ✓ 共提取 6 条新闻
2026-03-16 19:10:38,001 - INFO - 
🔍 提取本周观察新闻...
2026-03-16 19:10:38,021 - INFO - ✓ 共提取 3 条新闻
2026-03-16 19:10:38,021 - INFO - 
⏰ 筛选今日新闻...
2026-03-16 19:10:38,021 - INFO - ✓ 筛选出 6 条今日新闻
2026-03-16 19:10:38,021 - INFO - 
⏰ 筛选本周新闻...
2026-03-16 19:10:38,022 - INFO - ✓ 筛选出 0 条本周新闻
2026-03-16 19:10:38,022 - INFO - 
📝 更新 HTML 中的新闻...
2026-03-16 19:10:38,023 - INFO -   ✓ 保留: 华为云CEO张平安转任董事长,周跃峰接任CEO (今日 09:30)
2026-03-16 19:10:38,023 - INFO -   ✓ 保留: 腾讯云发布AI算力销售专项招聘,目标200人 (今日 14:20)
2026-03-16 19:10:38,025 - INFO -   ✓ 保留: 科锐国际发布Q1薪酬报告,技术岗跳槽涨幅创新高 (今日 16:00)
2026-03-16 19:10:38,025 - INFO -   ✓ 保留: 阿里云华东华南重点招聘,新增岗位800+ (今日 11:30)
2026-03-16 19:10:38,026 - INFO -   ✓ 保留: 火山引擎校招7000+实习生,转正率超50% (今日 10:00)
2026-03-16 19:10:38,026 - INFO -   ✓ 保留: 华为云启动春季校招,目标34所高校 (今日 15:00)
2026-03-16 19:10:38,027 - INFO - ✓ daily: 删除 0 条旧新闻，保留 6 条新闻
2026-03-16 19:10:38,030 - INFO -   ✓ 删除: 华为云组织架构调整:具体部门变化 (2025-12-03)
2026-03-16 19:10:38,031 - INFO -   ✓ 删除: 科锐国际2026薪酬报告:具体跳槽数据 (2026-03-10)
2026-03-16 19:10:38,032 - INFO -   ✓ 删除: 腾讯云校招33所目标院校:具体名单 (2026-03-01)
2026-03-16 19:10:38,033 - INFO - ✓ weekly: 删除 3 条旧新闻，保留 0 条新闻
2026-03-16 19:10:38,033 - INFO - 
🕒 更新报告生成时间...
2026-03-16 19:10:38,034 - INFO - ✓ 更新报告时间: 本次报告生成时间: 2026-03-16 | 下次更新: 2026-03-23 24:00
2026-03-16 19:10:38,035 - INFO - ✓ 更新今日时间: 更新时间: 2026-03-16 19:10
2026-03-16 19:10:38,035 - INFO - 
💾 保存更新后的 index.html...
2026-03-16 19:10:38,051 - INFO - ✓ 已保存
2026-03-16 19:10:38,051 - INFO - 
💾 保存 JSON 数据...
2026-03-16 19:10:38,054 - INFO - ✓ 已保存 daily_news.json (6 条)
2026-03-16 19:10:38,056 - INFO - ✓ 已保存 weekly_news.json (0 条)
2026-03-16 19:10:38,057 - INFO - 
📊 统计信息:
2026-03-16 19:10:38,057 - INFO -   - 今日观察总数: 6 条
2026-03-16 19:10:38,057 - INFO -   - 今日新闻（今日）: 6 条
2026-03-16 19:10:38,057 - INFO -   - 本周观察总数: 3 条
2026-03-16 19:10:38,059 - INFO -   - 本周新闻（本周）: 0 条
2026-03-16 19:10:38,059 - INFO - 
📤 推送到 GitHub...
2026-03-16 19:10:44,320 - INFO - ✅ Git 推送成功
2026-03-16 19:10:44,320 - INFO - 
==================================================
2026-03-16 19:10:44,321 - INFO - ✅ 自动更新完成！
2026-03-16 19:10:44,321 - INFO - ==================================================
