2026-03-16 18:59:56,297 - INFO - ==================================================
2026-03-16 18:59:56,297 - INFO - 云行业HR洞察 - 自动更新脚本启动
2026-03-16 18:59:56,298 - INFO - ==================================================
2026-03-16 18:59:56,298 - INFO - 本周时间范围: 2026-03-16 至 2026-03-22
2026-03-16 18:59:56,298 - INFO - 正在抓取: 腾讯云官网...
2026-03-16 18:59:57,104 - INFO -   -> 抓取到 0 条新闻
2026-03-16 18:59:57,105 - INFO - 正在抓取: 阿里云官网...
2026-03-16 18:59:58,292 - INFO -   -> 抓取到 0 条新闻
2026-03-16 18:59:58,292 - INFO - 正在抓取: 华为云官网...
2026-03-16 18:59:58,923 - INFO -   -> 抓取到 0 条新闻
2026-03-16 18:59:58,924 - INFO - 今日新闻: 0 条
2026-03-16 18:59:58,924 - INFO - 本周新闻: 0 条
2026-03-16 19:00:15,502 - INFO - ==================================================
2026-03-16 19:00:15,502 - INFO - 云行业HR洞察 - 自动更新脚本启动
2026-03-16 19:00:15,503 - INFO - ==================================================
2026-03-16 19:00:15,503 - INFO - 本周时间范围: 2026-03-16 至 2026-03-22
2026-03-16 19:00:15,503 - INFO - 正在抓取: 示例新闻源1...
2026-03-16 19:00:16,083 - ERROR - 抓取 https://example.com/news 失败: HTTPSConnectionPool(host='example.com', port=443): Max retries exceeded with url: /news (Caused by SSLError(SSLCertVerificationError(1, '[SSL: CERTIFICATE_VERIFY_FAILED] certificate verify failed: unable to get local issuer certificate (_ssl.c:1000)')))
2026-03-16 19:00:16,083 - INFO -   -> 抓取到 0 条新闻
2026-03-16 19:00:16,084 - INFO - 今日新闻: 0 条
2026-03-16 19:00:16,084 - INFO - 本周新闻: 0 条
2026-03-16 19:00:23,605 - INFO - Git 推送成功
2026-03-16 19:00:23,605 - INFO - ✅ 自动更新完成！
2026-03-16 19:00:23,605 - INFO - ==================================================
