2026-03-16 19:04:21,156 - INFO - ==================================================
2026-03-16 19:04:21,157 - INFO - 云行业HR洞察 - 自动筛选新闻脚本
2026-03-16 19:04:21,157 - INFO - ==================================================
2026-03-16 19:04:21,157 - INFO - 📅 今天: 2026-03-16
2026-03-16 19:04:21,158 - INFO - 📅 本周: 2026-03-16 至 2026-03-22
2026-03-16 19:04:21,158 - INFO - 📖 正在读取 index.html...
2026-03-16 19:04:21,226 - INFO - 
🔍 提取今日观察新闻...
2026-03-16 19:04:21,235 - INFO -   ✓ 提取: 华为云CEO张平安转任董事长,周跃峰接任CEO (今日 09:30)
2026-03-16 19:04:21,242 - INFO -   ✓ 提取: 腾讯云发布AI算力销售专项招聘,目标200人 (今日 14:20)
2026-03-16 19:04:21,245 - INFO -   ✓ 提取: 科锐国际发布Q1薪酬报告,技术岗跳槽涨幅创新高 (今日 16:00)
2026-03-16 19:04:21,248 - INFO -   ✓ 提取: 阿里云华东华南重点招聘,新增岗位800+ (今日 11:30)
2026-03-16 19:04:21,250 - INFO -   ✓ 提取: 火山引擎校招7000+实习生,转正率超50% (今日 10:00)
2026-03-16 19:04:21,254 - INFO -   ✓ 提取: 华为云启动春季校招,目标34所高校 (今日 15:00)
2026-03-16 19:04:21,254 - INFO - ✓ 共提取 6 条新闻
2026-03-16 19:04:21,255 - INFO - 
🔍 提取本周观察新闻...
2026-03-16 19:04:21,279 - INFO -   ✓ 提取: 华为云组织架构调整:具体部门变化 (2025-12-03)
2026-03-16 19:04:21,285 - INFO -   ✓ 提取: 科锐国际2026薪酬报告:具体跳槽数据 (2026-03-10)
2026-03-16 19:04:21,290 - INFO -   ✓ 提取: 腾讯云校招33所目标院校:具体名单 (2026-03-01)
2026-03-16 19:04:21,290 - INFO - ✓ 共提取 3 条新闻
2026-03-16 19:04:21,290 - INFO - 
⏰ 筛选今日新闻...
2026-03-16 19:04:21,291 - INFO -   ✓ 今日新闻: 华为云CEO张平安转任董事长,周跃峰接任CEO
2026-03-16 19:04:21,291 - INFO -   ✓ 今日新闻: 腾讯云发布AI算力销售专项招聘,目标200人
2026-03-16 19:04:21,291 - INFO -   ✓ 今日新闻: 科锐国际发布Q1薪酬报告,技术岗跳槽涨幅创新高
2026-03-16 19:04:21,291 - INFO -   ✓ 今日新闻: 阿里云华东华南重点招聘,新增岗位800+
2026-03-16 19:04:21,291 - INFO -   ✓ 今日新闻: 火山引擎校招7000+实习生,转正率超50%
2026-03-16 19:04:21,291 - INFO -   ✓ 今日新闻: 华为云启动春季校招,目标34所高校
2026-03-16 19:04:21,295 - INFO - 今日新闻: 6 条新闻
2026-03-16 19:04:21,295 - INFO - ✅ 已保存到 daily_news.json
2026-03-16 19:04:21,295 - INFO - 
⏰ 筛选本周新闻...
2026-03-16 19:04:21,297 - INFO - 本周新闻: 0 条新闻
2026-03-16 19:04:21,297 - INFO - ✅ 已保存到 weekly_news.json
2026-03-16 19:04:21,298 - INFO - 
📊 统计信息:
2026-03-16 19:04:21,298 - INFO -   - 今日观察总数: 6 条
2026-03-16 19:04:21,298 - INFO -   - 今日新闻（今日）: 6 条
2026-03-16 19:04:21,299 - INFO -   - 本周观察总数: 3 条
2026-03-16 19:04:21,299 - INFO -   - 本周新闻（本周）: 0 条
2026-03-16 19:04:21,299 - INFO - 
📤 推送到 GitHub...
2026-03-16 19:04:27,659 - INFO - ✅ Git 推送成功
2026-03-16 19:04:27,659 - INFO - 
==================================================
2026-03-16 19:04:27,659 - INFO - ✅ 自动筛选完成！
2026-03-16 19:04:27,659 - INFO - ==================================================
