2026-03-16 19:17:55,352 - INFO - ============================================================
2026-03-16 19:17:55,353 - INFO - 🚀 云行业HR洞察 - 智能自动更新 v3 开始运行
2026-03-16 19:17:55,354 - INFO - ============================================================
2026-03-16 19:17:55,398 - INFO - 📅 开始更新今日观察...
2026-03-16 19:17:55,402 - INFO -   今日观察原新闻数: 6
2026-03-16 19:17:55,403 - INFO -   筛选后保留: 6
2026-03-16 19:18:10,937 - INFO - ============================================================
2026-03-16 19:18:10,938 - INFO - 🚀 云行业HR洞察 - 智能自动更新 v3 开始运行
2026-03-16 19:18:10,939 - INFO - ============================================================
2026-03-16 19:18:10,975 - INFO - 📅 开始更新今日观察...
2026-03-16 19:18:10,979 - INFO -   今日观察原新闻数: 6
2026-03-16 19:18:10,979 - INFO -   筛选后保留: 6
2026-03-16 19:18:10,982 - INFO -   ✓ 保存到 daily_news.json
2026-03-16 19:18:10,983 - INFO - ⏰ 当前不是周日20:00，跳过本周观察更新
2026-03-16 19:18:10,987 - INFO -   ✓ 保存到 weekly_news.json
2026-03-16 19:18:10,993 - INFO -   ✓ 更新报告时间: 2026-03-16 19:18
2026-03-16 19:18:11,010 - INFO - ✅ HTML 文件已更新
2026-03-16 19:18:18,179 - INFO - ✅ Git 推送成功
2026-03-16 19:18:18,180 - INFO - ============================================================
2026-03-16 19:18:18,180 - INFO - ✅ 自动更新完成！
2026-03-16 19:18:18,180 - INFO - ============================================================
